<?xml version="1.0" encoding="UTF-8"?>
<!-- Generated by org.testng.reporters.JUnitXMLReporter -->
<testsuite hostname="King" name="P2P_DR模式下购买手机系列A产品的测试场景点" tests="27" failures="1" timestamp="9 Oct 2017 10:28:12 GMT" time="695.8" errors="0">
  <testcase name="Precondition" time="1.267" classname="TestCases.P2P_DR_Mobile_SeriesA"/>
  <testcase name="case1" time="4.21" classname="TestCases.P2P_DR_Mobile_SeriesA">
    <failure type="java.lang.reflect.InvocationTargetException">
      <![CDATA[java.lang.reflect.InvocationTargetException
	at sun.reflect.NativeMethodAccessorImpl.invoke0(Native Method)
	at sun.reflect.NativeMethodAccessorImpl.invoke(Unknown Source)
	at sun.reflect.DelegatingMethodAccessorImpl.invoke(Unknown Source)
	at java.lang.reflect.Method.invoke(Unknown Source)
	at com.dafycredit.giveu.test.service.RunUnit_Service.runCase(RunUnit_Service.java:103)
	at TestCases.P2P_DR_Mobile_SeriesA.case1(P2P_DR_Mobile_SeriesA.java:30)
	at sun.reflect.NativeMethodAccessorImpl.invoke0(Native Method)
	at sun.reflect.NativeMethodAccessorImpl.invoke(Unknown Source)
	at sun.reflect.DelegatingMethodAccessorImpl.invoke(Unknown Source)
	at java.lang.reflect.Method.invoke(Unknown Source)
	at org.testng.internal.MethodInvocationHelper.invokeMethod(MethodInvocationHelper.java:86)
	at org.testng.internal.InvokeMethodRunnable.runOne(InvokeMethodRunnable.java:54)
	at org.testng.internal.InvokeMethodRunnable.run(InvokeMethodRunnable.java:44)
	at java.util.concurrent.Executors$RunnableAdapter.call(Unknown Source)
	at java.util.concurrent.FutureTask.run(Unknown Source)
	at java.util.concurrent.ThreadPoolExecutor.runWorker(Unknown Source)
	at java.util.concurrent.ThreadPoolExecutor$Worker.run(Unknown Source)
	at java.lang.Thread.run(Unknown Source)
Caused by: java.lang.AssertionError: 安装启动失败(实际结果和预期结果不一致)  Actual 【开始体验】  but found 【开始体验1】
	at org.testng.Assert.fail(Assert.java:94)
	at com.dafycredit.giveu.test.handler.CheckAction_Handler.checkEquals(CheckAction_Handler.java:103)
	at com.dafycredit.giveu.test.handler.CheckAction_Handler.check(CheckAction_Handler.java:40)
	... 18 more
]]>
    </failure>
  </testcase> <!-- case1 -->
  <testcase name="case2" time="2.051" classname="TestCases.P2P_DR_Mobile_SeriesA"/>
  <testcase name="case3" time="23.74" classname="TestCases.P2P_DR_Mobile_SeriesA"/>
  <testcase name="case4" time="38.478" classname="TestCases.P2P_DR_Mobile_SeriesA"/>
  <testcase name="case5" time="6.046" classname="TestCases.P2P_DR_Mobile_SeriesA"/>
  <testcase name="case6" time="24.976" classname="TestCases.P2P_DR_Mobile_SeriesA"/>
  <testcase name="case7" time="75.247" classname="TestCases.P2P_DR_Mobile_SeriesA"/>
  <testcase name="case8" time="128.623" classname="TestCases.P2P_DR_Mobile_SeriesA"/>
  <testcase name="case9" time="72.323" classname="TestCases.P2P_DR_Mobile_SeriesA"/>
  <testcase name="case_10" time="41.961" classname="TestCases.P2P_DR_Mobile_SeriesA"/>
  <testcase name="case_11" time="19.93" classname="TestCases.P2P_DR_Mobile_SeriesA"/>
  <testcase name="case_12" time="13.176" classname="TestCases.P2P_DR_Mobile_SeriesA"/>
  <testcase name="case_13" time="1.705" classname="TestCases.P2P_DR_Mobile_SeriesA"/>
  <testcase name="case_14" time="2.31" classname="TestCases.P2P_DR_Mobile_SeriesA"/>
  <testcase name="case_15" time="31.393" classname="TestCases.P2P_DR_Mobile_SeriesA"/>
  <testcase name="case_16" time="11.417" classname="TestCases.P2P_DR_Mobile_SeriesA"/>
  <testcase name="case_17" time="6.579" classname="TestCases.P2P_DR_Mobile_SeriesA"/>
  <testcase name="case_18" time="9.126" classname="TestCases.P2P_DR_Mobile_SeriesA"/>
  <testcase name="case_19" time="2.314" classname="TestCases.P2P_DR_Mobile_SeriesA"/>
  <testcase name="case_20" time="20.842" classname="TestCases.P2P_DR_Mobile_SeriesA"/>
  <testcase name="case_21" time="2.165" classname="TestCases.P2P_DR_Mobile_SeriesA"/>
  <testcase name="case_22" time="21.974" classname="TestCases.P2P_DR_Mobile_SeriesA"/>
  <testcase name="case_23" time="73.734" classname="TestCases.P2P_DR_Mobile_SeriesA"/>
  <testcase name="case_24" time="7.342" classname="TestCases.P2P_DR_Mobile_SeriesA"/>
  <testcase name="case_25" time="5.322" classname="TestCases.P2P_DR_Mobile_SeriesA"/>
  <testcase name="case_26" time="0.547" classname="TestCases.P2P_DR_Mobile_SeriesA"/>
</testsuite> <!-- P2P_DR模式下购买手机系列A产品的测试场景点 -->
